<?xml version="1.0" encoding="UTF-8"?>
<testng-results ignored="0" total="3" passed="3" failed="0" skipped="0">
  <reporter-output>
  </reporter-output>
  <suite started-at="2022-01-12T21:37:02 IST" name="nopcommerce_V5" finished-at="2022-01-12T21:37:59 IST" duration-ms="57119">
    <groups>
    </groups>
    <test started-at="2022-01-12T21:37:02 IST" name="nopcommerce_V5_Test_chrome" finished-at="2022-01-12T21:37:59 IST" duration-ms="57119">
      <class name="com.nopcommerce_V5.testcases.TC2_LoginTest">
        <test-method is-config="true" signature="setup(java.lang.String)[pri:0, instance:com.nopcommerce_V5.testcases.TC2_LoginTest@16e7dcfd]" started-at="2022-01-12T21:37:14 IST" name="setup" finished-at="2022-01-12T21:37:15 IST" duration-ms="1361" status="PASS">
          <params>
            <param index="0">
              <value>
                <![CDATA[chrome]]>
              </value>
            </param>
          </params>
          <reporter-output>
          </reporter-output>
        </test-method> <!-- setup -->
        <test-method signature="loginTest2(java.lang.String,java.lang.String)[pri:0, instance:com.nopcommerce_V5.testcases.TC2_LoginTest@16e7dcfd]" started-at="2022-01-12T21:37:17 IST" name="loginTest2" data-provider="data" finished-at="2022-01-12T21:37:40 IST" duration-ms="23051" status="PASS">
          <params>
            <param index="0">
              <value>
                <![CDATA[admin@yourstore.com]]>
              </value>
            </param>
            <param index="1">
              <value>
                <![CDATA[admin]]>
              </value>
            </param>
          </params>
          <reporter-output>
          </reporter-output>
        </test-method> <!-- loginTest2 -->
        <test-method signature="loginTest2(java.lang.String,java.lang.String)[pri:0, instance:com.nopcommerce_V5.testcases.TC2_LoginTest@16e7dcfd]" started-at="2022-01-12T21:37:40 IST" name="loginTest2" data-provider="data" finished-at="2022-01-12T21:37:58 IST" duration-ms="18621" status="PASS">
          <params>
            <param index="0">
              <value>
                <![CDATA[admin@yourstore.com]]>
              </value>
            </param>
            <param index="1">
              <value>
                <![CDATA[admin]]>
              </value>
            </param>
          </params>
          <reporter-output>
          </reporter-output>
        </test-method> <!-- loginTest2 -->
        <test-method is-config="true" signature="tearDown()[pri:0, instance:com.nopcommerce_V5.testcases.TC2_LoginTest@16e7dcfd]" started-at="2022-01-12T21:37:58 IST" name="tearDown" finished-at="2022-01-12T21:37:59 IST" duration-ms="683" status="PASS">
          <reporter-output>
          </reporter-output>
        </test-method> <!-- tearDown -->
      </class> <!-- com.nopcommerce_V5.testcases.TC2_LoginTest -->
      <class name="com.nopcommerce_V5.testcases.TC1_LoginTest">
        <test-method is-config="true" signature="setup(java.lang.String)[pri:0, instance:com.nopcommerce_V5.testcases.TC1_LoginTest@38c5cc4c]" started-at="2022-01-12T21:37:02 IST" name="setup" finished-at="2022-01-12T21:37:06 IST" duration-ms="3523" status="PASS">
          <params>
            <param index="0">
              <value>
                <![CDATA[chrome]]>
              </value>
            </param>
          </params>
          <reporter-output>
          </reporter-output>
        </test-method> <!-- setup -->
        <test-method signature="loginTest1()[pri:0, instance:com.nopcommerce_V5.testcases.TC1_LoginTest@38c5cc4c]" started-at="2022-01-12T21:37:06 IST" name="loginTest1" finished-at="2022-01-12T21:37:14 IST" duration-ms="8055" status="PASS">
          <reporter-output>
          </reporter-output>
        </test-method> <!-- loginTest1 -->
        <test-method is-config="true" signature="tearDown()[pri:0, instance:com.nopcommerce_V5.testcases.TC1_LoginTest@38c5cc4c]" started-at="2022-01-12T21:37:14 IST" name="tearDown" finished-at="2022-01-12T21:37:14 IST" duration-ms="203" status="PASS">
          <reporter-output>
          </reporter-output>
        </test-method> <!-- tearDown -->
      </class> <!-- com.nopcommerce_V5.testcases.TC1_LoginTest -->
    </test> <!-- nopcommerce_V5_Test_chrome -->
  </suite> <!-- nopcommerce_V5 -->
</testng-results>
