<?xml version="1.0" encoding="UTF-8"?>
<!-- Generated by org.testng.reporters.JUnitXMLReporter -->
<testsuite ignored="0" hostname="DESKTOP-6GDU2G7" failures="0" tests="3" name="nopcommerce_V5_Test_chrome" time="57.119" errors="0" timestamp="2022-01-12T21:37:59 IST">
  <testcase classname="com.nopcommerce_V5.testcases.TC1_LoginTest" name="loginTest1" time="8.055"/>
  <testcase classname="com.nopcommerce_V5.testcases.TC2_LoginTest" name="loginTest2" time="23.051"/>
  <testcase classname="com.nopcommerce_V5.testcases.TC2_LoginTest" name="loginTest2" time="18.621"/>
</testsuite> <!-- nopcommerce_V5_Test_chrome -->
